This file contains any messages produced by compilers while
running configure, to aid debugging if configure makes a mistake.

It was created by snake configure 1, which was
generated by GNU Autoconf 2.69.  Invocation command line was

  $ ./configure 

## --------- ##
## Platform. ##
## --------- ##

hostname = Liberator-Mark-II
uname -m = x86_64
uname -r = 4.1.5-100.fc21.x86_64
uname -s = Linux
uname -v = #1 SMP Tue Aug 11 00:24:23 UTC 2015

/usr/bin/uname -p = x86_64
/bin/uname -X     = unknown

/bin/arch              = x86_64
/usr/bin/arch -k       = unknown
/usr/convex/getsysinfo = unknown
/usr/bin/hostinfo      = unknown
/bin/machine           = unknown
/usr/bin/oslevel       = unknown
/bin/universe          = unknown

PATH: /usr/lib64/qt-3.3/bin
PATH: /usr/local/bin
PATH: /usr/local/sbin
PATH: /usr/bin
PATH: /usr/sbin
PATH: /bin
PATH: /sbin
PATH: /home/bkeys/.local/bin
PATH: /home/bkeys/android-studio/bin/
PATH: /home/bkeys/Android/Sdk/platform-tools/


## ----------- ##
## Core tests. ##
## ----------- ##

configure:1949: checking for gcc
configure:1965: found /usr/bin/gcc
configure:1976: result: gcc
configure:2205: checking for C compiler version
configure:2214: gcc --version >&5
gcc (GCC) 4.9.2 20150212 (Red Hat 4.9.2-6)
Copyright (C) 2014 Free Software Foundation, Inc.
This is free software; see the source for copying conditions.  There is NO
warranty; not even for MERCHANTABILITY or FITNESS FOR A PARTICULAR PURPOSE.

configure:2225: $? = 0
configure:2214: gcc -v >&5
Using built-in specs.
COLLECT_GCC=gcc
COLLECT_LTO_WRAPPER=/usr/libexec/gcc/x86_64-redhat-linux/4.9.2/lto-wrapper
Target: x86_64-redhat-linux
Configured with: ../configure --prefix=/usr --mandir=/usr/share/man --infodir=/usr/share/info --with-bugurl=http://bugzilla.redhat.com/bugzilla --enable-bootstrap --enable-shared --enable-threads=posix --enable-checking=release --enable-multilib --with-system-zlib --enable-__cxa_atexit --disable-libunwind-exceptions --enable-gnu-unique-object --enable-linker-build-id --with-linker-hash-style=gnu --enable-languages=c,c++,objc,obj-c++,fortran,ada,go,lto --enable-plugin --enable-initfini-array --disable-libgcj --with-isl=/builddir/build/BUILD/gcc-4.9.2-20150212/obj-x86_64-redhat-linux/isl-install --with-cloog=/builddir/build/BUILD/gcc-4.9.2-20150212/obj-x86_64-redhat-linux/cloog-install --enable-gnu-indirect-function --with-tune=generic --with-arch_32=i686 --build=x86_64-redhat-linux
Thread model: posix
gcc version 4.9.2 20150212 (Red Hat 4.9.2-6) (GCC) 
configure:2225: $? = 0
configure:2214: gcc -V >&5
gcc: error: unrecognized command line option '-V'
gcc: fatal error: no input files
compilation terminated.
configure:2225: $? = 4
configure:2214: gcc -qversion >&5
gcc: error: unrecognized command line option '-qversion'
gcc: fatal error: no input files
compilation terminated.
configure:2225: $? = 4
configure:2245: checking whether the C compiler works
configure:2267: gcc    conftest.c  >&5
configure:2271: $? = 0
configure:2319: result: yes
configure:2322: checking for C compiler default output file name
configure:2324: result: a.out
configure:2330: checking for suffix of executables
configure:2337: gcc -o conftest    conftest.c  >&5
configure:2341: $? = 0
configure:2363: result: 
configure:2385: checking whether we are cross compiling
configure:2393: gcc -o conftest    conftest.c  >&5
configure:2397: $? = 0
configure:2404: ./conftest
configure:2408: $? = 0
configure:2423: result: no
configure:2428: checking for suffix of object files
configure:2450: gcc -c   conftest.c >&5
configure:2454: $? = 0
configure:2475: result: o
configure:2479: checking whether we are using the GNU C compiler
configure:2498: gcc -c   conftest.c >&5
configure:2498: $? = 0
configure:2507: result: yes
configure:2516: checking whether gcc accepts -g
configure:2536: gcc -c -g  conftest.c >&5
configure:2536: $? = 0
configure:2577: result: yes
configure:2594: checking for gcc option to accept ISO C89
configure:2657: gcc  -c -g -O2  conftest.c >&5
configure:2657: $? = 0
configure:2670: result: none needed
configure:2695: checking whether gcc understands -c and -o together
configure:2717: gcc -c conftest.c -o conftest2.o
configure:2720: $? = 0
configure:2717: gcc -c conftest.c -o conftest2.o
configure:2720: $? = 0
configure:2732: result: yes
configure:2750: checking for glBegin in -lGL
configure:2775: gcc -o conftest -g -O2   conftest.c -lGL   >&5
configure:2775: $? = 0
configure:2784: result: yes
configure:2795: checking for glutInit in -lglut
configure:2820: gcc -o conftest -g -O2   conftest.c -lglut  -lGL  >&5
configure:2820: $? = 0
configure:2829: result: yes
configure:2840: checking for gluPerspective in -lGLU
configure:2865: gcc -o conftest -g -O2   conftest.c -lGLU  -lglut -lGL  >&5
configure:2865: $? = 0
configure:2874: result: yes
configure:2885: checking for SDL_Init in -lSDL2
configure:2910: gcc -o conftest -g -O2   conftest.c -lSDL2  -lGLU -lglut -lGL  >&5
configure:2910: $? = 0
configure:2919: result: yes
configure:2979: checking for a BSD-compatible install
configure:3047: result: /usr/bin/install -c
configure:3058: checking whether build environment is sane
configure:3113: result: yes
configure:3148: WARNING: 'missing' script is too old or missing
configure:3261: checking for a thread-safe mkdir -p
configure:3300: result: /usr/bin/mkdir -p
configure:3307: checking for gawk
configure:3323: found /usr/bin/gawk
configure:3334: result: gawk
configure:3345: checking whether make sets $(MAKE)
configure:3367: result: yes
configure:3397: checking for style of include used by make
configure:3425: result: GNU
configure:3459: checking whether make supports nested variables
configure:3476: result: yes
configure:3561: checking dependency style of gcc
configure:3672: result: gcc3
configure:3791: checking for g++
configure:3807: found /usr/bin/g++
configure:3818: result: g++
configure:3845: checking for C++ compiler version
configure:3854: g++ --version >&5
g++ (GCC) 4.9.2 20150212 (Red Hat 4.9.2-6)
Copyright (C) 2014 Free Software Foundation, Inc.
This is free software; see the source for copying conditions.  There is NO
warranty; not even for MERCHANTABILITY or FITNESS FOR A PARTICULAR PURPOSE.

configure:3865: $? = 0
configure:3854: g++ -v >&5
Using built-in specs.
COLLECT_GCC=g++
COLLECT_LTO_WRAPPER=/usr/libexec/gcc/x86_64-redhat-linux/4.9.2/lto-wrapper
Target: x86_64-redhat-linux
Configured with: ../configure --prefix=/usr --mandir=/usr/share/man --infodir=/usr/share/info --with-bugurl=http://bugzilla.redhat.com/bugzilla --enable-bootstrap --enable-shared --enable-threads=posix --enable-checking=release --enable-multilib --with-system-zlib --enable-__cxa_atexit --disable-libunwind-exceptions --enable-gnu-unique-object --enable-linker-build-id --with-linker-hash-style=gnu --enable-languages=c,c++,objc,obj-c++,fortran,ada,go,lto --enable-plugin --enable-initfini-array --disable-libgcj --with-isl=/builddir/build/BUILD/gcc-4.9.2-20150212/obj-x86_64-redhat-linux/isl-install --with-cloog=/builddir/build/BUILD/gcc-4.9.2-20150212/obj-x86_64-redhat-linux/cloog-install --enable-gnu-indirect-function --with-tune=generic --with-arch_32=i686 --build=x86_64-redhat-linux
Thread model: posix
gcc version 4.9.2 20150212 (Red Hat 4.9.2-6) (GCC) 
configure:3865: $? = 0
configure:3854: g++ -V >&5
g++: error: unrecognized command line option '-V'
g++: fatal error: no input files
compilation terminated.
configure:3865: $? = 4
configure:3854: g++ -qversion >&5
g++: error: unrecognized command line option '-qversion'
g++: fatal error: no input files
compilation terminated.
configure:3865: $? = 4
configure:3869: checking whether we are using the GNU C++ compiler
configure:3888: g++ -c   conftest.cpp >&5
configure:3888: $? = 0
configure:3897: result: yes
configure:3906: checking whether g++ accepts -g
configure:3926: g++ -c -g  conftest.cpp >&5
configure:3926: $? = 0
configure:3967: result: yes
configure:3992: checking dependency style of g++
configure:4103: result: gcc3
configure:4229: checking that generated files are newer than configure
configure:4235: result: done
configure:4262: creating ./config.status

## ---------------------- ##
## Running config.status. ##
## ---------------------- ##

This file was extended by snake config.status 1, which was
generated by GNU Autoconf 2.69.  Invocation command line was

  CONFIG_FILES    = 
  CONFIG_HEADERS  = 
  CONFIG_LINKS    = 
  CONFIG_COMMANDS = 
  $ ./config.status 

on Liberator-Mark-II

config.status:850: creating Makefile
config.status:850: creating src/config.h
config.status:1031: src/config.h is unchanged
config.status:1079: executing depfiles commands

## ---------------- ##
## Cache variables. ##
## ---------------- ##

ac_cv_c_compiler_gnu=yes
ac_cv_cxx_compiler_gnu=yes
ac_cv_env_CCC_set=
ac_cv_env_CCC_value=
ac_cv_env_CC_set=
ac_cv_env_CC_value=
ac_cv_env_CFLAGS_set=
ac_cv_env_CFLAGS_value=
ac_cv_env_CPPFLAGS_set=
ac_cv_env_CPPFLAGS_value=
ac_cv_env_CXXFLAGS_set=
ac_cv_env_CXXFLAGS_value=
ac_cv_env_CXX_set=
ac_cv_env_CXX_value=
ac_cv_env_LDFLAGS_set=
ac_cv_env_LDFLAGS_value=
ac_cv_env_LIBS_set=
ac_cv_env_LIBS_value=
ac_cv_env_build_alias_set=
ac_cv_env_build_alias_value=
ac_cv_env_host_alias_set=
ac_cv_env_host_alias_value=
ac_cv_env_target_alias_set=
ac_cv_env_target_alias_value=
ac_cv_lib_GLU_gluPerspective=yes
ac_cv_lib_GL_glBegin=yes
ac_cv_lib_SDL2_SDL_Init=yes
ac_cv_lib_glut_glutInit=yes
ac_cv_objext=o
ac_cv_path_install='/usr/bin/install -c'
ac_cv_path_mkdir=/usr/bin/mkdir
ac_cv_prog_AWK=gawk
ac_cv_prog_ac_ct_CC=gcc
ac_cv_prog_ac_ct_CXX=g++
ac_cv_prog_cc_c89=
ac_cv_prog_cc_g=yes
ac_cv_prog_cxx_g=yes
ac_cv_prog_make_make_set=yes
am_cv_CC_dependencies_compiler_type=gcc3
am_cv_CXX_dependencies_compiler_type=gcc3
am_cv_make_support_nested_variables=yes
am_cv_prog_cc_c_o=yes

## ----------------- ##
## Output variables. ##
## ----------------- ##

ACLOCAL='aclocal-1.14'
AMDEPBACKSLASH='\'
AMDEP_FALSE='#'
AMDEP_TRUE=''
AMTAR='$${TAR-tar}'
AM_BACKSLASH='\'
AM_DEFAULT_V='$(AM_DEFAULT_VERBOSITY)'
AM_DEFAULT_VERBOSITY='1'
AM_V='$(V)'
AUTOCONF='autoconf'
AUTOHEADER='autoheader'
AUTOMAKE='automake-1.14'
AWK='gawk'
CC='gcc'
CCDEPMODE='depmode=gcc3'
CFLAGS='-g -O2'
CPPFLAGS=''
CXX='g++'
CXXDEPMODE='depmode=gcc3'
CXXFLAGS='-g -O2'
CYGPATH_W='echo'
DEFS='-DHAVE_CONFIG_H'
DEPDIR='.deps'
ECHO_C=''
ECHO_N='-n'
ECHO_T=''
EXEEXT=''
INSTALL_DATA='${INSTALL} -m 644'
INSTALL_PROGRAM='${INSTALL}'
INSTALL_SCRIPT='${INSTALL}'
INSTALL_STRIP_PROGRAM='$(install_sh) -c -s'
LDFLAGS=''
LIBOBJS=''
LIBS='-lSDL2 -lGLU -lglut -lGL '
LTLIBOBJS=''
MAKEINFO='makeinfo'
MKDIR_P='/usr/bin/mkdir -p'
OBJEXT='o'
PACKAGE='snake'
PACKAGE_BUGREPORT='bkeys@bkeys.org'
PACKAGE_NAME='snake'
PACKAGE_STRING='snake 1'
PACKAGE_TARNAME='snake'
PACKAGE_URL='http://www.bkeys.org'
PACKAGE_VERSION='1'
PATH_SEPARATOR=':'
SET_MAKE=''
SHELL='/bin/sh'
STRIP=''
VERSION='1'
ac_ct_CC='gcc'
ac_ct_CXX='g++'
am__EXEEXT_FALSE=''
am__EXEEXT_TRUE='#'
am__fastdepCC_FALSE='#'
am__fastdepCC_TRUE=''
am__fastdepCXX_FALSE='#'
am__fastdepCXX_TRUE=''
am__include='include'
am__isrc=''
am__leading_dot='.'
am__nodep='_no'
am__quote=''
am__tar='$${TAR-tar} chof - "$$tardir"'
am__untar='$${TAR-tar} xf -'
bindir='${exec_prefix}/bin'
build_alias=''
datadir='${datarootdir}'
datarootdir='${prefix}/share'
docdir='${datarootdir}/doc/${PACKAGE_TARNAME}'
dvidir='${docdir}'
exec_prefix='${prefix}'
host_alias=''
htmldir='${docdir}'
includedir='${prefix}/include'
infodir='${datarootdir}/info'
install_sh='${SHELL} /home/bkeys/install-sh'
libdir='${exec_prefix}/lib'
libexecdir='${exec_prefix}/libexec'
localedir='${datarootdir}/locale'
localstatedir='${prefix}/var'
mandir='${datarootdir}/man'
mkdir_p='$(MKDIR_P)'
oldincludedir='/usr/include'
pdfdir='${docdir}'
prefix='/usr/local'
program_transform_name='s,x,x,'
psdir='${docdir}'
sbindir='${exec_prefix}/sbin'
sharedstatedir='${prefix}/com'
sysconfdir='${prefix}/etc'
target_alias=''

## ----------- ##
## confdefs.h. ##
## ----------- ##

/* confdefs.h */
#define PACKAGE_NAME "snake"
#define PACKAGE_TARNAME "snake"
#define PACKAGE_VERSION "1"
#define PACKAGE_STRING "snake 1"
#define PACKAGE_BUGREPORT "bkeys@bkeys.org"
#define PACKAGE_URL "http://www.bkeys.org"
#define HAVE_LIBGL 1
#define HAVE_LIBGLUT 1
#define HAVE_LIBGLU 1
#define HAVE_LIBSDL2 1
#define PACKAGE "snake"
#define VERSION "1"

configure: exit 0

## ---------------------- ##
## Running config.status. ##
## ---------------------- ##

This file was extended by snake config.status 1, which was
generated by GNU Autoconf 2.69.  Invocation command line was

  CONFIG_FILES    = 
  CONFIG_HEADERS  = 
  CONFIG_LINKS    = 
  CONFIG_COMMANDS = 
  $ ./config.status Makefile depfiles

on Liberator-Mark-II

config.status:850: creating Makefile
config.status:1079: executing depfiles commands

## ---------------------- ##
## Running config.status. ##
## ---------------------- ##

This file was extended by snake config.status 1, which was
generated by GNU Autoconf 2.69.  Invocation command line was

  CONFIG_FILES    = 
  CONFIG_HEADERS  = 
  CONFIG_LINKS    = 
  CONFIG_COMMANDS = 
  $ ./config.status Makefile depfiles

on Liberator-Mark-II

config.status:850: creating Makefile
config.status:1079: executing depfiles commands

## ---------------------- ##
## Running config.status. ##
## ---------------------- ##

This file was extended by snake config.status 1, which was
generated by GNU Autoconf 2.69.  Invocation command line was

  CONFIG_FILES    = 
  CONFIG_HEADERS  = 
  CONFIG_LINKS    = 
  CONFIG_COMMANDS = 
  $ ./config.status Makefile depfiles

on Liberator-Mark-II

config.status:850: creating Makefile
config.status:1079: executing depfiles commands

## ---------------------- ##
## Running config.status. ##
## ---------------------- ##

This file was extended by snake config.status 1, which was
generated by GNU Autoconf 2.69.  Invocation command line was

  CONFIG_FILES    = 
  CONFIG_HEADERS  = 
  CONFIG_LINKS    = 
  CONFIG_COMMANDS = 
  $ ./config.status Makefile depfiles

on Liberator-Mark-II

config.status:850: creating Makefile
config.status:1079: executing depfiles commands
